2024-09-17T18:55:54.063Z [info]: Local file deleted: public\temp\f694fab6a12bb3000991.jpg
2024-09-22T12:17:59.223Z [error]: Failed to delete file: public\temp\a62ee30b2886f4cd0a71.jpg
2024-09-22T12:18:51.593Z [error]: Failed to delete file: public\temp\c44cde27d1a096d2e0fa.jpg
2024-09-22T12:21:29.831Z [error]: Failed to delete file: public\temp\dd0cba2bed23edb4d3ae.jpg
2024-09-22T12:21:29.837Z [error]: Failed to delete file: public\temp\2754d7a9c27b3f593cff.jpg
2024-09-22T12:21:47.161Z [error]: Failed to delete file: public\temp\7ff73d194d955139479f.jpg
2024-09-22T12:21:47.163Z [error]: Failed to delete file: public\temp\bfaead91f4e47916cb24.jpg
2024-09-24T08:06:29.594Z [error]: Failed to delete file: public\temp\50449ea1345a1976a946.jpg
2024-09-24T08:17:31.235Z [error]: Failed to delete file: public\temp\f38ed0ff57f194a59b6d.jpg
2024-09-24T08:19:20.728Z [error]: Failed to delete file: public\temp\737153c3376291fbd55d.jpg
2024-09-24T08:19:54.291Z [error]: Failed to delete file: public\temp\603aa880ea190a2f97e9.jpg
2024-09-24T08:40:35.452Z [error]: Failed to delete file: public\temp\b31ec950a4b9bd8a4614.jpg
2024-09-24T08:41:43.496Z [error]: Failed to delete file: public\temp\a595ef596036aa94efb4.jpg
2024-09-24T08:41:43.511Z [error]: Failed to delete file: public\temp\81970300e6046ad39ccc.jpg
2024-09-24T08:41:44.974Z [error]: Failed to delete file: public\temp\a595920e1c80628effb7.jpg
2024-09-24T08:41:44.981Z [error]: Failed to delete file: public\temp\c5887ee5f859c1947188.jpg
2024-09-24T08:42:00.014Z [error]: Failed to delete file: public\temp\93cb28c6044a1fef21ad.jpg
2024-09-24T08:42:00.019Z [error]: Failed to delete file: public\temp\b82c7aa7ae7deb64f4fc.jpg
2024-09-24T08:42:18.440Z [error]: Failed to delete file: public\temp\84582925ac280c256a46.jpg
2024-09-24T08:42:18.443Z [error]: Failed to delete file: public\temp\03a4ededec6157c4e8b0.jpg
2024-09-24T08:42:55.995Z [error]: Failed to delete file chayan: public\temp\7dccd8f9ada5fa0461e3.jpg
2024-09-24T08:42:56.000Z [error]: Failed to delete file chayan: public\temp\843225474fbffdf80bbd.jpg
2024-09-24T08:43:30.538Z [error]: Failed to delete file chayan: public\temp\8cd139a33afeba0652ae.jpg
2024-09-24T08:43:30.544Z [error]: Failed to delete file chayan: public\temp\3e6bfdb528a2b974f409.jpg
2024-09-24T08:45:24.965Z [info]: Image is deleted : public\temp\79165c5e6c216b7961ec.jpg
2024-09-24T08:45:24.972Z [info]: Image is deleted : public\temp\f62782ce776f0dac19ac.jpg
2024-09-24T11:57:09.432Z [info]: Image Is Deleted : public\temp\425a13c545fcd89a9f7b.jpg
2024-09-24T11:57:09.437Z [info]: Image Is Deleted : public\temp\862d97e17a35a1ff0098.jpg
2024-09-24T11:57:13.274Z [info]: Image Is Deleted : public\temp\fdc9c21c3f3783cb696e.jpg
2024-09-24T11:57:13.276Z [info]: Image Is Deleted : public\temp\c843a1ed52b4819824a7.jpg
2024-09-24T12:05:49.403Z [info]: Image Is Deleted : public\temp\4047a5a7929ee8e739fc.jpg
2024-09-24T12:05:49.411Z [info]: Image Is Deleted : public\temp\3e4bb86479e92b89a650.jpg
2024-09-24T12:06:35.147Z [info]: Image Is Deleted : public\temp\b9d3a0bf54c50d5187aa.jpg
2024-09-24T12:07:50.472Z [info]: Image Is Deleted : public\temp\9b87cf284f3ba4d97b92.jpg
2024-09-24T12:16:40.559Z [info]: Image Is Deleted : public\temp\53512b884fcdee78bb74.jpg
2024-09-24T12:16:40.565Z [info]: Image Is Deleted : public\temp\5de9984303fdd1ea65f5.jpg
2024-09-24T12:16:42.703Z [info]: Image Is Deleted : public\temp\146edc738c449b61f0fd.jpg
2024-09-24T12:16:42.705Z [info]: Image Is Deleted : public\temp\72e0a0f4a0a6402f9ded.jpg
2024-09-24T12:16:53.250Z [info]: Image Is Deleted : public\temp\b8e5efd983aa6175b83a.jpg
2024-09-24T12:16:53.255Z [info]: Image Is Deleted : public\temp\7e65918b79eacde0874c.jpg
2024-09-24T12:17:48.136Z [info]: Image Is Deleted : public\temp\87e7be5d7c980f5bcf4c.jpg
2024-09-24T12:17:48.142Z [info]: Image Is Deleted : public\temp\a1a1543132dfd4bc59f1.jpg
2024-09-24T12:17:51.032Z [info]: Image Is Deleted : public\temp\e0240ff1d4d529717c5c.jpg
2024-09-24T12:17:51.035Z [info]: Image Is Deleted : public\temp\09db2f567aaf17e71c67.jpg
2024-09-24T12:22:57.411Z [info]: Image Is Deleted : public\temp\f7671305d7b0aef93206.jpg
2024-09-24T12:22:57.416Z [info]: Image Is Deleted : public\temp\db951e97cfaff7574399.jpg
2024-09-24T12:22:59.160Z [info]: Image Is Deleted : public\temp\d546574893119f969306.jpg
2024-09-24T12:22:59.162Z [info]: Image Is Deleted : public\temp\a17f8889e25bfe1b8b3c.jpg
2024-09-24T12:27:47.244Z [info]: Image Is Deleted : public\temp\f44e6c38a53ade5994aa.jpg
2024-09-24T12:27:47.249Z [info]: Image Is Deleted : public\temp\06c5ba0d705ae368b2e9.jpg
2024-09-24T12:28:52.445Z [info]: Image Is Deleted : public\temp\db507491576be3cd7aa4.jpg
2024-09-24T12:28:52.450Z [info]: Image Is Deleted : public\temp\24b67aed63b32a819d39.jpg
2024-09-24T12:30:00.931Z [info]: Image Is Deleted : public\temp\23762205d145af791484.jpg
2024-09-24T12:30:00.948Z [info]: Image Is Deleted : public\temp\c76965784aa317644e70.jpg
2024-09-24T12:31:13.091Z [info]: Image Is Deleted : public\temp\e5a134d68b5c21f27bf8.jpg
2024-09-24T12:31:13.096Z [info]: Image Is Deleted : public\temp\4cf6f4f9c8936a23cefe.jpg
2024-09-24T15:06:09.351Z [info]: Image Is Deleted : public\temp\28eede75e431f97a70fa.jpg
2024-09-24T15:06:09.358Z [info]: Image Is Deleted : public\temp\c25d3831e05fc5b291b6.jpg
2024-09-24T15:27:29.048Z [info]: Image Is Deleted : public\temp\09a292027ef4f8f498c2.jpg
2024-09-24T15:27:29.052Z [info]: Image Is Deleted : public\temp\f54cd1a75778e44e1cea.jpg
2024-09-24T15:27:31.678Z [info]: Image Is Deleted : public\temp\6172541369ec69784e55.jpg
2024-09-24T15:27:31.679Z [info]: Image Is Deleted : public\temp\025054ed37934e854439.jpg
2024-09-24T15:28:00.756Z [error]: Error during file upload: The "path" argument must be of type string. Received [Object: null prototype] The "path" argument must be of type string. Received [Object: null prototype]
2024-09-24T15:28:00.767Z [info]: Image Is Deleted : public\temp\a1c1edd8f7ae34ab8367.jpg
2024-09-24T15:28:00.770Z [info]: Image Is Deleted : public\temp\6bb244d4c5f2fa152fff.jpg
2024-09-24T15:29:02.557Z [error]: Error during file upload: The "path" argument must be of type string. Received [Object: null prototype] The "path" argument must be of type string. Received [Object: null prototype]
2024-09-24T15:29:02.567Z [info]: Image Is Deleted : public\temp\c6c6c6d4e241b21ffd98.jpg
2024-09-24T15:29:02.569Z [info]: Image Is Deleted : public\temp\d8ace6ce456a6e78e29d.jpg
2024-09-24T15:30:38.589Z [error]: Error during file upload: The "path" argument must be of type string. Received [Object: null prototype] The "path" argument must be of type string. Received [Object: null prototype]
2024-09-24T15:30:38.596Z [info]: Image Is Deleted : public\temp\23c53bd36ba5a34748b9.jpg
2024-09-24T15:30:38.598Z [info]: Image Is Deleted : public\temp\642e376f92655e673a49.jpg
2024-09-24T15:34:39.148Z [error]: Error during file upload: The "path" argument must be of type string. Received [Object: null prototype] The "path" argument must be of type string. Received [Object: null prototype]
2024-09-24T15:34:39.156Z [info]: Image Is Deleted : public\temp\600eaa4bac8697e6d8b0.jpg
2024-09-24T15:34:39.159Z [info]: Image Is Deleted : public\temp\9b96433a5bb12b3934dc.jpg
2024-09-24T15:39:26.807Z [info]: Local file deleted: public\temp\5164c8a5fe0fbde51eb4.jpg
2024-09-24T15:39:28.170Z [info]: Local file deleted: public\temp\340e46ceb78d575e8fed.jpg
2024-09-24T15:40:10.303Z [info]: Image Is Deleted : public\temp\77cd0c2c3e978dcc269b.jpg
2024-09-24T15:40:10.310Z [info]: Image Is Deleted : public\temp\f9e6fac58a0fefba11be.jpg
2024-09-24T15:45:32.167Z [info]: Image Is Deleted : public\temp\ad8d7b36a1b70b86507d.jpg
2024-09-24T15:45:32.174Z [info]: Image Is Deleted : public\temp\f2147a90734fc373ad01.jpg
2024-09-24T15:55:16.903Z [info]: Local file deleted: public\temp\c306bbb7956eb1585f74.jpg
2024-09-24T15:55:18.297Z [info]: Local file deleted: public\temp\04a8d128a7dbd9b8cfcc.jpg
2024-09-24T16:05:36.932Z [info]: Image Is Deleted : public\temp\687e29c88716811a2214.jpg
2024-09-24T16:05:36.936Z [info]: Image Is Deleted : public\temp\7883563098e0df84714b.jpg
2024-09-24T16:06:02.499Z [info]: Local file deleted: public\temp\d426269173d30049fe4d.jpg
2024-09-24T16:06:04.234Z [info]: Local file deleted: public\temp\4596dd6100f077d9c20d.jpg
2024-09-24T16:06:04.241Z [error]: Error deleting file: public\temp\d426269173d30049fe4d.jpg
2024-09-24T16:06:04.244Z [info]: Image Is Deleted : public\temp\d426269173d30049fe4d.jpg
2024-09-24T16:06:04.249Z [error]: Error deleting file: public\temp\4596dd6100f077d9c20d.jpg
2024-09-24T16:06:04.252Z [info]: Image Is Deleted : public\temp\4596dd6100f077d9c20d.jpg
2024-09-24T16:06:05.190Z [info]: Cloudinary Image Deleted: bzs0nt8b5tiguyco8riz
2024-09-24T16:06:05.820Z [info]: Cloudinary Image Deleted: syq42iacittyxlianorc
2024-09-24T16:28:28.132Z [info]: Local file deleted: public\temp\8a465aa26eae3df914ae.jpg
2024-09-24T16:28:29.437Z [info]: Local file deleted: public\temp\167ef7435891209081ed.jpg
2024-09-24T16:29:23.021Z [info]: Local file deleted: public\temp\c9b0d50e6842e9e4be86.jpg
2024-09-24T16:29:23.986Z [info]: Local file deleted: public\temp\71a7eda7bdc2a1476179.jpg
2024-09-24T16:31:07.781Z [info]: Local file deleted: public\temp\c88408780b7beb4d7ae8.jpg
2024-09-24T16:31:08.941Z [info]: Local file deleted: public\temp\95bd4a9e2b318345b1bd.jpg
2024-09-24T16:31:47.077Z [info]: Image Is Deleted : public\temp\abdc3d93daf1340cd722.jpg
2024-09-24T16:31:47.081Z [info]: Image Is Deleted : public\temp\6797eb79af14fd9e6106.jpg
2024-09-24T16:32:16.242Z [info]: Image Is Deleted : public\temp\c1ed8d6a2c7509911912.jpg
2024-09-24T16:32:16.243Z [info]: Image Is Deleted : public\temp\bed2ee5d511f16d85779.jpg
2024-09-24T16:33:17.599Z [info]: Local file deleted: public\temp\8c17ecd8e30a01043157.jpg
2024-09-24T16:33:18.725Z [info]: Local file deleted: public\temp\22be3ba99a2246834055.jpg
2024-09-24T16:34:06.752Z [info]: Local file deleted: public\temp\dbc0a64ec1aceea37be5.jpg
2024-09-24T16:34:07.979Z [info]: Local file deleted: public\temp\f0854df806a88e77e3e9.jpg
2024-09-24T16:34:58.464Z [info]: Image Is Deleted : public\temp\c0ee195928186c0f028f.jpg
2024-09-24T16:34:58.466Z [info]: Image Is Deleted : public\temp\5d604484d50f0ee4b74c.jpg
2024-09-24T16:35:23.116Z [info]: Local file deleted: public\temp\9635312c40567adb2f88.jpg
2024-09-24T16:35:24.769Z [info]: Local file deleted: public\temp\dc7645cfee2e5dfcbfc1.jpg
2024-09-24T16:36:00.516Z [info]: Local file deleted: public\temp\7b6c159cd1d3ee5715b3.jpg
2024-09-24T16:36:01.544Z [info]: Local file deleted: public\temp\d2114b2b3130b6967d73.jpg
2024-09-24T16:36:47.211Z [info]: Local file deleted: public\temp\cc23ada7543218fba493.jpg
2024-09-24T16:36:48.952Z [info]: Local file deleted: public\temp\06e1d2e295665d72667b.jpg
2024-09-24T16:37:21.632Z [info]: Local file deleted: public\temp\cf99042b4386e99e7e46.jpg
2024-09-24T16:37:22.639Z [info]: Local file deleted: public\temp\5998bb212ec023e5fb55.jpg
2024-09-24T16:38:00.655Z [info]: Local file deleted: public\temp\61be1633b18819992683.jpg
2024-09-24T16:38:01.965Z [info]: Local file deleted: public\temp\244da6c9c0dfb0a65a0c.jpg
2024-09-29T09:11:40.982Z [info]: Local file deleted: public\temp\6417d9bd22d585e25b5f.jpg
2024-09-29T09:11:42.566Z [info]: Local file deleted: public\temp\f2f510b9e823a585e18d.jpg
2024-09-29T09:12:15.326Z [info]: Local file deleted: public\temp\c70beec966a58259b0ef.jpg
2024-09-29T09:12:16.189Z [info]: Local file deleted: public\temp\ef55b065828687e7c3e7.jpg
2024-09-29T10:15:06.520Z [info]: Local file deleted: public\temp\e50ba554525071286301.jpg
2024-09-29T10:15:07.738Z [info]: Local file deleted: public\temp\b4b3b5d14bf98edc4357.jpg
2024-09-29T10:15:44.395Z [info]: Local file deleted: public\temp\9e94251e9dc4a910ed4a.jpg
2024-09-29T10:15:45.419Z [info]: Local file deleted: public\temp\a27fdb7724680c476ed8.jpg
2024-09-29T10:17:02.989Z [info]: Local file deleted: public\temp\ac4e7990f94254fc8e4c.jpg
2024-09-29T10:17:04.018Z [info]: Local file deleted: public\temp\d6c6978db30eea50c2fd.jpg
2024-09-29T10:17:36.901Z [info]: Local file deleted: public\temp\bee760035a0fea5866d2.jpg
2024-09-29T10:17:38.266Z [info]: Local file deleted: public\temp\6eb2bc5f8462570b634c.jpg
2024-09-29T10:17:58.574Z [info]: Local file deleted: public\temp\ea539405e5a6a15833ad.jpg
2024-09-29T10:17:59.665Z [info]: Local file deleted: public\temp\9e1c55658e7ce93c47fa.jpg
2024-09-29T10:18:28.441Z [info]: Local file deleted: public\temp\e2210dfe948fdf4cff61.jpg
2024-09-29T10:18:29.491Z [info]: Local file deleted: public\temp\fb6a61b7b15aa3a68055.jpg
2024-09-29T10:18:58.139Z [info]: Local file deleted: public\temp\4e96812eadb5fcbd07f0.jpg
2024-09-29T10:18:59.261Z [info]: Local file deleted: public\temp\0b44bfba0f5f7b5edb5f.jpg
2024-09-29T10:19:28.653Z [info]: Local file deleted: public\temp\ff12499608aa4b357153.jpg
2024-09-29T10:19:29.571Z [info]: Local file deleted: public\temp\411bfd7e3d1944bf3730.jpg
2024-09-29T10:19:31.962Z [info]: Image Is Deleted : public\temp\282a479ebe5009467fca.jpg
2024-09-29T10:19:31.965Z [info]: Image Is Deleted : public\temp\f9aeca2f1e5f5a9b179b.jpg
2024-09-30T04:56:08.850Z [info]: Local file deleted: public\temp\961868737f99fe0cb9aa.jpeg
2024-09-30T04:56:09.799Z [info]: Local file deleted: public\temp\c7f6b9101e3b8982dd3f.jpeg
2024-09-30T04:57:46.588Z [info]: Image Is Deleted : public\temp\15fdf7307742f264c735.jpeg
2024-09-30T04:57:46.589Z [info]: Image Is Deleted : public\temp\53bad68a13e376f6decd.jpeg
2024-09-30T04:58:18.491Z [info]: Image Is Deleted : public\temp\66bfb5027bac8f397b26.jpeg
2024-09-30T04:58:18.493Z [info]: Image Is Deleted : public\temp\5304dd47ad9e182e259c.jpeg
2024-09-30T04:58:20.841Z [info]: Image Is Deleted : public\temp\bd5d37aa21fd85d2e86c.jpeg
2024-09-30T04:58:20.843Z [info]: Image Is Deleted : public\temp\8a442ab57423b8ca3e16.jpeg
2024-09-30T05:01:07.359Z [info]: Image Is Deleted : public\temp\0659562b6652e1e7cbcc.jpeg
2024-09-30T05:01:07.369Z [info]: Image Is Deleted : public\temp\dfcb37a42716367e1905.jpeg
2024-09-30T05:01:42.191Z [info]: Local file deleted: public\temp\fe354e4f7b9f6b6b9939.jpeg
2024-09-30T05:01:43.374Z [info]: Local file deleted: public\temp\08416174f44062f05745.jpeg
2024-09-30T05:01:48.418Z [info]: Image Is Deleted : public\temp\343fb1aee7a7245b34cb.jpeg
2024-09-30T05:01:48.421Z [info]: Image Is Deleted : public\temp\48bacaf9be32891ae465.jpeg
2024-09-30T05:01:53.384Z [info]: Image Is Deleted : public\temp\0a48497e347ece397f66.jpeg
2024-09-30T05:01:53.387Z [info]: Image Is Deleted : public\temp\a62c65b37be4224996bc.jpeg
2024-10-03T08:49:52.189Z [info]: Local file deleted: public\temp\3d6e142a662e0814e541.jpg
2024-10-03T08:52:09.422Z [info]: Local file deleted: public\temp\75dc2e2e70c1961d608d.jpg
2024-10-03T08:55:23.038Z [info]: Local file deleted: public\temp\4b9599c71b1db4784e94.jpg
2024-10-03T08:55:43.250Z [info]: Local file deleted: public\temp\697434a7321f01c79c5e.jpg
2024-10-03T08:57:18.451Z [info]: Local file deleted: public\temp\2b710f970880260f342a.jpg
2024-10-03T08:58:38.287Z [error]: Invalid file extension: asgsjds
2024-10-03T08:58:38.294Z [error]: Error during file upload: Invalid file extension Invalid file extension
2024-10-03T08:59:05.344Z [error]: Invalid file extension: asgsjds
2024-10-03T08:59:05.362Z [error]: Error during file upload: Invalid file extension Invalid file extension
2024-10-03T09:00:30.007Z [error]: Invalid file extension: asgsjds.jsp
2024-10-03T09:00:30.016Z [error]: Error during file upload: Invalid file extension Invalid file extension
2024-10-04T06:49:48.809Z [info]: Local file deleted: public\temp\717cf4f1f5c87147e76b.jpg
2024-10-05T04:22:03.291Z [info]: Local file deleted: public\temp\270326cd6674e0c1d7d1.jpg
2024-10-05T04:22:26.838Z [info]: Local file deleted: public\temp\9f7b0bafe060c590c62d.jpg
2024-10-05T04:23:54.070Z [info]: Local file deleted: public\temp\0f9c43227bacecc49960.jpg
2024-10-05T04:24:20.446Z [info]: Local file deleted: public\temp\7a514324713b35a136fb.jpg
2024-10-05T04:29:59.615Z [info]: Local file deleted: public\temp\f06b62d9920952f99fcf.jpg
2024-10-05T10:31:26.907Z [info]: Local file deleted: public\temp\6d794d2935393f1b8de0.jpg
2024-10-05T10:31:28.123Z [info]: Local file deleted: public\temp\3a69c39d37003726fe14.jpg
2024-10-05T10:33:53.019Z [info]: Local file deleted: public\temp\a10998394b6191678c34.jpg
2024-10-05T10:33:54.005Z [info]: Local file deleted: public\temp\f6d4705403f3f9d3e535.jpg
2024-10-05T10:41:37.992Z [info]: Local file deleted: public\temp\978a718666a72208e140.jpg
2024-10-05T10:41:39.049Z [info]: Local file deleted: public\temp\b05e031b71cc4279f292.jpg
2024-10-05T12:17:00.172Z [info]: Local file deleted: public\temp\3e06ef4ea0ef129c3a44.jpg
2024-10-05T12:17:02.418Z [info]: Local file deleted: public\temp\2801379a0ebe3ec0b18c.jpg
2024-10-05T12:31:55.614Z [info]: Local file deleted: public\temp\f759153661388089a317.jpg
2024-10-05T12:32:52.243Z [info]: Local file deleted: public\temp\87d0b6cc1d07c4971b16.jpg
2024-10-05T12:33:02.214Z [info]: Local file deleted: public\temp\77425067b2f5d31d4b68.jpg
2024-10-06T04:36:40.933Z [info]: Local file deleted: public\temp\39733b6ddfda6a6b3620.jpg
